<?xml version="1.0" encoding="UTF-8"?>
<!-- Generated by org.testng.reporters.JUnitReportReporter -->
<testsuite hostname="DESKTOP-6KCCC2T" failures="1" tests="1" name="assignmentJenkins.Hw_Gmail" time="5.376" errors="0" timestamp="2023-06-26T00:30:20 IST" skipped="0">
  <testcase classname="assignmentJenkins.Hw_Gmail" name="gmail" time="5.376">
    <failure message="expected [https://accounts.google.com/v3/signin/challenge/pwd?TL=ALbfvL1W8Q4jTZR5mD7rDdC70h5k7MwrU5qzFFlUBwz-GBiQPL-myCsloM2DbaIY&amp;checkConnection=youtube%3A264%3A0&amp;checkedDomains=youtube&amp;cid=1&amp;continue=https%3A%2F%2Fmail.google.com%2Fmail%2Fu%2F0%2F%3Ftab%3Drm%26ogbl&amp;dsh=S1006965977%3A1677152006597667&amp;emr=1&amp;flowEntry=ServiceLogin&amp;flowName=GlifWebSignIn&amp;followup=https%3A%2F%2Fmail.google.com%2Fmail%2Fu%2F0%2F%3Ftab%3Drm%26ogbl&amp;ifkv=AWnogHewVfaX9v9nMH_TRR_zw1BCzW1gtBJHmrmu5JAXkjXDucBW9un1l3DRFwewRl7Bu23RqnaWkg&amp;osid=1&amp;pstMsg=1&amp;service=mail] but found [https://accounts.google.com/v3/signin/identifier?dsh=S-1123392764%3A1677151326273956&amp;continue=https%3A%2F%2Fmail.google.com%2Fmail%2Fu%2F0%2F&amp;emr=1&amp;followup=https%3A%2F%2Fmail.google.com%2Fmail%2Fu%2F0%2F&amp;osid=1&amp;passive=1209600&amp;service=mail&amp;flowName=GlifWebSignIn&amp;flowEntry=ServiceLogin&amp;ifkv=AWnogHfOpjY0duUO2ikPKR_jjNlyMrG3lSSN5BACMX8j2CR1ZgKNPH8t2I0-_cWK9PUxdMdWOTgtSg]" type="java.lang.AssertionError">
      <![CDATA[java.lang.AssertionError: expected [https://accounts.google.com/v3/signin/challenge/pwd?TL=ALbfvL1W8Q4jTZR5mD7rDdC70h5k7MwrU5qzFFlUBwz-GBiQPL-myCsloM2DbaIY&checkConnection=youtube%3A264%3A0&checkedDomains=youtube&cid=1&continue=https%3A%2F%2Fmail.google.com%2Fmail%2Fu%2F0%2F%3Ftab%3Drm%26ogbl&dsh=S1006965977%3A1677152006597667&emr=1&flowEntry=ServiceLogin&flowName=GlifWebSignIn&followup=https%3A%2F%2Fmail.google.com%2Fmail%2Fu%2F0%2F%3Ftab%3Drm%26ogbl&ifkv=AWnogHewVfaX9v9nMH_TRR_zw1BCzW1gtBJHmrmu5JAXkjXDucBW9un1l3DRFwewRl7Bu23RqnaWkg&osid=1&pstMsg=1&service=mail] but found [https://accounts.google.com/v3/signin/identifier?dsh=S-1123392764%3A1677151326273956&continue=https%3A%2F%2Fmail.google.com%2Fmail%2Fu%2F0%2F&emr=1&followup=https%3A%2F%2Fmail.google.com%2Fmail%2Fu%2F0%2F&osid=1&passive=1209600&service=mail&flowName=GlifWebSignIn&flowEntry=ServiceLogin&ifkv=AWnogHfOpjY0duUO2ikPKR_jjNlyMrG3lSSN5BACMX8j2CR1ZgKNPH8t2I0-_cWK9PUxdMdWOTgtSg]
at org.testng.Assert.fail(Assert.java:110)
at org.testng.Assert.failNotEquals(Assert.java:1577)
at org.testng.Assert.assertEqualsImpl(Assert.java:149)
at org.testng.Assert.assertEquals(Assert.java:131)
at org.testng.Assert.assertEquals(Assert.java:655)
at org.testng.Assert.assertEquals(Assert.java:665)
at assignmentJenkins.Hw_Gmail.gmail(Hw_Gmail.java:48)
at java.base/jdk.internal.reflect.NativeMethodAccessorImpl.invoke0(Native Method)
at java.base/jdk.internal.reflect.NativeMethodAccessorImpl.invoke(NativeMethodAccessorImpl.java:77)
at java.base/jdk.internal.reflect.DelegatingMethodAccessorImpl.invoke(DelegatingMethodAccessorImpl.java:43)
at java.base/java.lang.reflect.Method.invoke(Method.java:568)
at org.testng.internal.invokers.MethodInvocationHelper.invokeMethod(MethodInvocationHelper.java:139)
at org.testng.internal.invokers.TestInvoker.invokeMethod(TestInvoker.java:677)
at org.testng.internal.invokers.TestInvoker.invokeTestMethod(TestInvoker.java:221)
at org.testng.internal.invokers.MethodRunner.runInSequence(MethodRunner.java:50)
at org.testng.internal.invokers.TestInvoker$MethodInvocationAgent.invoke(TestInvoker.java:969)
at org.testng.internal.invokers.TestInvoker.invokeTestMethods(TestInvoker.java:194)
at org.testng.internal.invokers.TestMethodWorker.invokeTestMethods(TestMethodWorker.java:148)
at org.testng.internal.invokers.TestMethodWorker.run(TestMethodWorker.java:128)
at java.base/java.util.ArrayList.forEach(ArrayList.java:1511)
at org.testng.TestRunner.privateRun(TestRunner.java:829)
at org.testng.TestRunner.run(TestRunner.java:602)
at org.testng.SuiteRunner.runTest(SuiteRunner.java:437)
at org.testng.SuiteRunner.runSequentially(SuiteRunner.java:431)
at org.testng.SuiteRunner.privateRun(SuiteRunner.java:391)
at org.testng.SuiteRunner.run(SuiteRunner.java:330)
at org.testng.SuiteRunnerWorker.runSuite(SuiteRunnerWorker.java:52)
at org.testng.SuiteRunnerWorker.run(SuiteRunnerWorker.java:95)
at org.testng.TestNG.runSuitesSequentially(TestNG.java:1256)
at org.testng.TestNG.runSuitesLocally(TestNG.java:1176)
at org.testng.TestNG.runSuites(TestNG.java:1099)
at org.testng.TestNG.run(TestNG.java:1067)
at org.testng.remote.AbstractRemoteTestNG.run(AbstractRemoteTestNG.java:115)
at org.testng.remote.RemoteTestNG.initAndRun(RemoteTestNG.java:251)
at org.testng.remote.RemoteTestNG.main(RemoteTestNG.java:77)
]]>
    </failure>
  </testcase> <!-- gmail -->
  <system-out/>
</testsuite> <!-- assignmentJenkins.Hw_Gmail -->
